<?xml version="1.0" encoding="UTF-8"?>
<!-- Generated by org.testng.reporters.JUnitXMLReporter -->
<testsuite hostname="Muhammads-MacBook-Pro.local" ignored="33" name="Default test" tests="1" failures="0" timestamp="17 Apr 2017 03:29:33 GMT" time="8.244" errors="0">
  <testcase name="testDateOfBirthWithValidCredential" time="3.587" classname="tests.TestRegisterPage"/>
  <testcase name="testPhoneNumberWithThirtyDigitNumber" time="0.0" classname="tests.TestRegisterPage">
    <ignored/>
  </testcase> <!-- testPhoneNumberWithThirtyDigitNumber -->
  <testcase name="testFirstNameWithEmptyField" time="0.0" classname="tests.TestRegisterPage">
    <ignored/>
  </testcase> <!-- testFirstNameWithEmptyField -->
  <testcase name="testDateOfBirthWithFutureDateCredential" time="0.0" classname="tests.TestRegisterPage">
    <ignored/>
  </testcase> <!-- testDateOfBirthWithFutureDateCredential -->
  <testcase name="testLastNameWithThirtyOneChar" time="0.0" classname="tests.TestRegisterPage">
    <ignored/>
  </testcase> <!-- testLastNameWithThirtyOneChar -->
  <testcase name="testGenderWithoutSelectedOption" time="0.0" classname="tests.TestRegisterPage">
    <ignored/>
  </testcase> <!-- testGenderWithoutSelectedOption -->
  <testcase name="testUserTypeWithoutSelectedOption" time="0.0" classname="tests.TestRegisterPage">
    <ignored/>
  </testcase> <!-- testUserTypeWithoutSelectedOption -->
  <testcase name="testEmailFieldWithInValidEmailId" time="0.0" classname="tests.TestRegisterPage">
    <ignored/>
  </testcase> <!-- testEmailFieldWithInValidEmailId -->
  <testcase name="testPasswordFieldWithTwentyOneCharacter" time="0.0" classname="tests.TestRegisterPage">
    <ignored/>
  </testcase> <!-- testPasswordFieldWithTwentyOneCharacter -->
  <testcase name="testPhoneNumberWithThreeDigitNumber" time="0.0" classname="tests.TestRegisterPage">
    <ignored/>
  </testcase> <!-- testPhoneNumberWithThreeDigitNumber -->
  <testcase name="testLastNameWithNumericData" time="0.0" classname="tests.TestRegisterPage">
    <ignored/>
  </testcase> <!-- testLastNameWithNumericData -->
  <testcase name="testFirstNameWithThirtyChar" time="0.0" classname="tests.TestRegisterPage">
    <ignored/>
  </testcase> <!-- testFirstNameWithThirtyChar -->
  <testcase name="testConfirmPasswordFieldWithValidPasswordAndDifferentConfirmPassword" time="0.0" classname="tests.TestRegisterPage">
    <ignored/>
  </testcase> <!-- testConfirmPasswordFieldWithValidPasswordAndDifferentConfirmPassword -->
  <testcase name="testFirstNameWithThirtyOneChar" time="0.0" classname="tests.TestRegisterPage">
    <ignored/>
  </testcase> <!-- testFirstNameWithThirtyOneChar -->
  <testcase name="testLastNameWithOneChar" time="0.0" classname="tests.TestRegisterPage">
    <ignored/>
  </testcase> <!-- testLastNameWithOneChar -->
  <testcase name="testConfirmPasswordFieldWithValidPasswordAndSameConfirmPassword" time="0.0" classname="tests.TestRegisterPage">
    <ignored/>
  </testcase> <!-- testConfirmPasswordFieldWithValidPasswordAndSameConfirmPassword -->
  <testcase name="testPhoneNumberWithTwpDigitNumber" time="0.0" classname="tests.TestRegisterPage">
    <ignored/>
  </testcase> <!-- testPhoneNumberWithTwpDigitNumber -->
  <testcase name="testLastNameWithTwoChar" time="0.0" classname="tests.TestRegisterPage">
    <ignored/>
  </testcase> <!-- testLastNameWithTwoChar -->
  <testcase name="testPasswordFieldWithFiveCharacter" time="0.0" classname="tests.TestRegisterPage">
    <ignored/>
  </testcase> <!-- testPasswordFieldWithFiveCharacter -->
  <testcase name="testLastNameWithThirtyChar" time="0.0" classname="tests.TestRegisterPage">
    <ignored/>
  </testcase> <!-- testLastNameWithThirtyChar -->
  <testcase name="testEmailFieldWithEmptyEmail" time="0.0" classname="tests.TestRegisterPage">
    <ignored/>
  </testcase> <!-- testEmailFieldWithEmptyEmail -->
  <testcase name="testPasswordFieldWithTwentyCharacter" time="0.0" classname="tests.TestRegisterPage">
    <ignored/>
  </testcase> <!-- testPasswordFieldWithTwentyCharacter -->
  <testcase name="testUserTypeWithRandomOption" time="0.0" classname="tests.TestRegisterPage">
    <ignored/>
  </testcase> <!-- testUserTypeWithRandomOption -->
  <testcase name="testPhoneNumberWithEmptyDigitNumber" time="0.0" classname="tests.TestRegisterPage">
    <ignored/>
  </testcase> <!-- testPhoneNumberWithEmptyDigitNumber -->
  <testcase name="testPasswordFieldWithEmptyPassword" time="0.0" classname="tests.TestRegisterPage">
    <ignored/>
  </testcase> <!-- testPasswordFieldWithEmptyPassword -->
  <testcase name="testDateOfBirthWithEmptyCredential" time="0.0" classname="tests.TestRegisterPage">
    <ignored/>
  </testcase> <!-- testDateOfBirthWithEmptyCredential -->
  <testcase name="testFirstNameWithTwoChar" time="0.0" classname="tests.TestRegisterPage">
    <ignored/>
  </testcase> <!-- testFirstNameWithTwoChar -->
  <testcase name="testPasswordFieldWithNumberAndCharacter" time="0.0" classname="tests.TestRegisterPage">
    <ignored/>
  </testcase> <!-- testPasswordFieldWithNumberAndCharacter -->
  <testcase name="testGenderWithRandomOption" time="0.0" classname="tests.TestRegisterPage">
    <ignored/>
  </testcase> <!-- testGenderWithRandomOption -->
  <testcase name="testFirstNameWithNumericData" time="0.0" classname="tests.TestRegisterPage">
    <ignored/>
  </testcase> <!-- testFirstNameWithNumericData -->
  <testcase name="testFirstNameWithOneChar" time="0.0" classname="tests.TestRegisterPage">
    <ignored/>
  </testcase> <!-- testFirstNameWithOneChar -->
  <testcase name="testEmailFieldWithValidEmailID" time="0.0" classname="tests.TestRegisterPage">
    <ignored/>
  </testcase> <!-- testEmailFieldWithValidEmailID -->
  <testcase name="testPasswordFieldWithSixCharacter" time="0.0" classname="tests.TestRegisterPage">
    <ignored/>
  </testcase> <!-- testPasswordFieldWithSixCharacter -->
  <testcase name="testLastNameWithEmptyField" time="0.0" classname="tests.TestRegisterPage">
    <ignored/>
  </testcase> <!-- testLastNameWithEmptyField -->
</testsuite> <!-- Default test -->
