<?xml version="1.0" encoding="UTF-8"?>
<!-- Generated by org.testng.reporters.JUnitXMLReporter -->
<testsuite hostname="Muhammads-MBP.domain.actdsltmp" ignored="2" name="Regression Test" tests="21" failures="0" timestamp="02 Apr 2017 20:49:27 GMT" time="37.748" errors="0">
  <testcase name="testFirstNameWithEmptyField" time="1.38" classname="tests.TestRegisterPage"/>
  <testcase name="testFirstNameWithNumericData" time="1.39" classname="tests.TestRegisterPage"/>
  <testcase name="testFirstNameWithOneChar" time="0.71" classname="tests.TestRegisterPage"/>
  <testcase name="testFirstNameWithThirtyChar" time="1.762" classname="tests.TestRegisterPage"/>
  <testcase name="testFirstNameWithThirtyOneChar" time="1.206" classname="tests.TestRegisterPage"/>
  <testcase name="testFirstNameWithTwoChar" time="1.084" classname="tests.TestRegisterPage"/>
  <testcase name="testGenderWithRandomOption" time="1.422" classname="tests.TestRegisterPage"/>
  <testcase name="testGenderWithoutSelectedOption" time="1.997" classname="tests.TestRegisterPage"/>
  <testcase name="testLastNameWithEmptyField" time="2.188" classname="tests.TestRegisterPage"/>
  <testcase name="testLastNameWithNumericData" time="1.498" classname="tests.TestRegisterPage"/>
  <testcase name="testLastNameWithOneChar" time="1.4" classname="tests.TestRegisterPage"/>
  <testcase name="testLastNameWithThirtyChar" time="1.197" classname="tests.TestRegisterPage"/>
  <testcase name="testLastNameWithThirtyOneChar" time="1.173" classname="tests.TestRegisterPage"/>
  <testcase name="testLastNameWithTwoChar" time="1.297" classname="tests.TestRegisterPage"/>
  <testcase name="testWithEmptyEmailAndEmptyPassword" time="2.389" classname="tests.TestSigninPage"/>
  <testcase name="testWithEmptyEmailAndValidPassword" time="1.452" classname="tests.TestSigninPage"/>
  <testcase name="testWithInValidEmailAndValidPassword" time="1.227" classname="tests.TestSigninPage"/>
  <testcase name="testWithInvalidEmailAndInValidPassword" time="1.213" classname="tests.TestSigninPage"/>
  <testcase name="testWithValidEmailAndEmptyPassword" time="1.397" classname="tests.TestSigninPage"/>
  <testcase name="testWithValidEmailAndInValidPassword" time="1.309" classname="tests.TestSigninPage"/>
  <testcase name="testWithValidEmailAndValidPassword" time="2.885" classname="tests.TestSigninPage"/>
  <testcase name="@BeforeSuite setUp" time="0.0" classname="base.TestBase">
    <ignored/>
  </testcase> <!-- @BeforeSuite setUp -->
  <testcase name="@AfterSuite tearDown" time="0.0" classname="base.TestBase">
    <ignored/>
  </testcase> <!-- @AfterSuite tearDown -->
</testsuite> <!-- Regression Test -->
