<?xml version="1.0" encoding="UTF-8"?>
<testsuite name="TestSuite" time="57.151" tests="41" errors="0" skipped="0" failures="2">
  <properties>
[...]
</properties>
  <testcase name="testConfirmPasswordFieldWithValidPasswordAndDifferentConfirmPassword" classname="tests.TestRegisterPage" time="2.419"/>
  <testcase name="testConfirmPasswordFieldWithValidPasswordAndSameConfirmPassword" classname="tests.TestRegisterPage" time="2.685"/>
  <testcase name="testDateOfBirthWithEmptyCredential" classname="tests.TestRegisterPage" time="0.053"/>
  <testcase name="testDateOfBirthWithInvalidCredential" classname="tests.TestRegisterPage" time="1.413">
    <failure message="expected [*] but found [* DateOfBirth can not be empty.]" type="java.lang.AssertionError">java.lang.AssertionError: expected [*] but found [* DateOfBirth can not be empty.]
	at org.testng.Assert.fail(Assert.java:93)
	at org.testng.Assert.failNotEquals(Assert.java:512)
	at org.testng.Assert.assertEqualsImpl(Assert.java:134)
	at org.testng.Assert.assertEquals(Assert.java:115)
	at org.testng.Assert.assertEquals(Assert.java:189)
	at org.testng.Assert.assertEquals(Assert.java:199)
	at tests.TestRegisterPage.testDateOfBirthWithInvalidCredential(TestRegisterPage.java:198)
</failure>
    <system-out><![CDATA[File created /Users/muhammadkhalil/Documents/workspace/Electron/Results/QAfileSeperator 2017-04-04_180112/Screenshots
Screenshot can be found : ..//Users/muhammadkhalil/Documents/workspace/Electron/Results/QAfileSeperator 2017-04-04_180112/Screenshots/TestRegisterPage/testDateOfBirthWithInvalidCredential.png
]]></system-out>
  </testcase>
  <testcase name="testDateOfBirthWithValidCredential" classname="tests.TestRegisterPage" time="1.288">
    <failure message="expected [*] but found [* DateOfBirth can not be empty.]" type="java.lang.AssertionError">java.lang.AssertionError: expected [*] but found [* DateOfBirth can not be empty.]
	at org.testng.Assert.fail(Assert.java:93)
	at org.testng.Assert.failNotEquals(Assert.java:512)
	at org.testng.Assert.assertEqualsImpl(Assert.java:134)
	at org.testng.Assert.assertEquals(Assert.java:115)
	at org.testng.Assert.assertEquals(Assert.java:189)
	at org.testng.Assert.assertEquals(Assert.java:199)
	at tests.TestRegisterPage.testDateOfBirthWithValidCredential(TestRegisterPage.java:188)
</failure>
    <system-out><![CDATA[Screenshot can be found : ..//Users/muhammadkhalil/Documents/workspace/Electron/Results/QAfileSeperator 2017-04-04_180112/Screenshots/TestRegisterPage/testDateOfBirthWithValidCredential.png
]]></system-out>
  </testcase>
  <testcase name="testEmailFieldWithEmptyEmail" classname="tests.TestRegisterPage" time="3.326"/>
  <testcase name="testEmailFieldWithInValidEmailId" classname="tests.TestRegisterPage" time="2.733"/>
  <testcase name="testEmailFieldWithValidEmailID" classname="tests.TestRegisterPage" time="2.311"/>
  <testcase name="testFirstNameWithEmptyField" classname="tests.TestRegisterPage" time="2.245"/>
  <testcase name="testFirstNameWithNumericData" classname="tests.TestRegisterPage" time="1.085"/>
  <testcase name="testFirstNameWithOneChar" classname="tests.TestRegisterPage" time="0.954"/>
  <testcase name="testFirstNameWithThirtyChar" classname="tests.TestRegisterPage" time="0.919"/>
  <testcase name="testFirstNameWithThirtyOneChar" classname="tests.TestRegisterPage" time="1.199"/>
  <testcase name="testFirstNameWithTwoChar" classname="tests.TestRegisterPage" time="1.408"/>
  <testcase name="testGenderWithRandomOption" classname="tests.TestRegisterPage" time="0.979"/>
  <testcase name="testGenderWithoutSelectedOption" classname="tests.TestRegisterPage" time="1.907"/>
  <testcase name="testLastNameWithEmptyField" classname="tests.TestRegisterPage" time="0.914"/>
  <testcase name="testLastNameWithNumericData" classname="tests.TestRegisterPage" time="0.947"/>
  <testcase name="testLastNameWithOneChar" classname="tests.TestRegisterPage" time="0.911"/>
  <testcase name="testLastNameWithThirtyChar" classname="tests.TestRegisterPage" time="0.993"/>
  <testcase name="testLastNameWithThirtyOneChar" classname="tests.TestRegisterPage" time="0.91"/>
  <testcase name="testLastNameWithTwoChar" classname="tests.TestRegisterPage" time="0.869"/>
  <testcase name="testPasswordFieldWithEmptyPassword" classname="tests.TestRegisterPage" time="1.009"/>
  <testcase name="testPasswordFieldWithFiveCharacter" classname="tests.TestRegisterPage" time="1.363"/>
  <testcase name="testPasswordFieldWithNumberAndCharacter" classname="tests.TestRegisterPage" time="0.926"/>
  <testcase name="testPasswordFieldWithSixCharacter" classname="tests.TestRegisterPage" time="0.894"/>
  <testcase name="testPasswordFieldWithTwentyCharacter" classname="tests.TestRegisterPage" time="0.928"/>
  <testcase name="testPasswordFieldWithTwentyOneCharacter" classname="tests.TestRegisterPage" time="0.938"/>
  <testcase name="testPhoneNumberWithCharacter" classname="tests.TestRegisterPage" time="0.894"/>
  <testcase name="testPhoneNumberWithEmptyDigitNumber" classname="tests.TestRegisterPage" time="0.88"/>
  <testcase name="testPhoneNumberWithOneDigitNumber" classname="tests.TestRegisterPage" time="0.981"/>
  <testcase name="testPhoneNumberWithValidSixteenDigitNumber" classname="tests.TestRegisterPage" time="1.934"/>
  <testcase name="testUserTypeWithRandomOption" classname="tests.TestRegisterPage" time="0.984"/>
  <testcase name="testUserTypeWithoutSelectedOption" classname="tests.TestRegisterPage" time="1.916"/>
  <testcase name="testWithEmptyEmailAndEmptyPassword" classname="tests.TestSigninPage" time="1.694"/>
  <testcase name="testWithEmptyEmailAndValidPassword" classname="tests.TestSigninPage" time="1.25"/>
  <testcase name="testWithInValidEmailAndValidPassword" classname="tests.TestSigninPage" time="1.396"/>
  <testcase name="testWithInvalidEmailAndInValidPassword" classname="tests.TestSigninPage" time="0.926"/>
  <testcase name="testWithValidEmailAndEmptyPassword" classname="tests.TestSigninPage" time="1.009"/>
  <testcase name="testWithValidEmailAndInValidPassword" classname="tests.TestSigninPage" time="1.491"/>
  <testcase name="testWithValidEmailAndValidPassword" classname="tests.TestSigninPage" time="3.27"/>
</testsuite>